<?xml version="1.0" encoding="UTF-8"?>
<!-- Generated by org.testng.reporters.JUnitReportReporter -->
<testsuite skipped="0" hostname="Sohils-MacBook-Pro.local" name="com.mavenTestNG.BaseClass" tests="1" failures="0" timestamp="29 Dec 2018 15:58:16 GMT" time="7.768" errors="0">
  <testcase name="setUp" time="7.768" classname="com.mavenTestNG.BaseClass"/>
</testsuite> <!-- com.mavenTestNG.BaseClass -->
